============================= test session starts =============================
platform win32 -- Python 3.13.8, pytest-9.0.1, pluggy-1.6.0 -- D:\programacion\Menipy\.venv\Scripts\python.exe
cachedir: .pytest_cache
PySide6 6.10.1 -- Qt runtime 6.10.1 -- Qt compiled 6.10.1
rootdir: D:\programacion\Menipy
configfile: pyproject.toml
plugins: cov-7.0.0, qt-4.5.0
collecting ... collected 17 items

tests/test_smoke_controller_flows.py::TestSessileControllerFlows::test_run_simple_analysis_sessile_unified_path 
