src\menipy\gui\views\step_item_widget.py:52: error: "type[QSizePolicy]" has no attribute "Expanding"  [attr-defined]
src\menipy\gui\views\step_item_widget.py:52: error: "type[QSizePolicy]" has no attribute "Preferred"  [attr-defined]
src\menipy\models\results.py:58: error: Need type annotation for "all_keys" (hint: "all_keys: set[<type>] = ...")  [var-annotated]
src\menipy\gui\views\image_view.py:39: error: No overload variant of "int" matches argument type "object"  [call-overload]
src\menipy\gui\views\image_view.py:39: note: Error code "call-overload" not covered by "type: ignore" comment
src\menipy\gui\views\image_view.py:39: note: Possible overload variants:
src\menipy\gui\views\image_view.py:39: note:     def __new__(cls, str | Buffer | SupportsInt | SupportsIndex | SupportsTrunc = ..., /) -> int
src\menipy\gui\views\image_view.py:39: note:     def __new__(cls, str | bytes | bytearray, /, base: SupportsIndex) -> int
src\menipy\gui\views\image_view.py:57: note: By default the bodies of untyped functions are not checked, consider using --check-untyped-defs  [annotation-unchecked]
src\menipy\gui\views\image_view.py:58: note: By default the bodies of untyped functions are not checked, consider using --check-untyped-defs  [annotation-unchecked]
src\menipy\gui\views\image_view.py:61: note: By default the bodies of untyped functions are not checked, consider using --check-untyped-defs  [annotation-unchecked]
src\menipy\gui\views\image_view.py:62: note: By default the bodies of untyped functions are not checked, consider using --check-untyped-defs  [annotation-unchecked]
src\menipy\gui\views\image_view.py:63: note: By default the bodies of untyped functions are not checked, consider using --check-untyped-defs  [annotation-unchecked]
src\menipy\gui\views\image_view.py:67: note: By default the bodies of untyped functions are not checked, consider using --check-untyped-defs  [annotation-unchecked]
src\menipy\gui\views\image_view.py:68: note: By default the bodies of untyped functions are not checked, consider using --check-untyped-defs  [annotation-unchecked]
src\menipy\gui\views\image_view.py:70: note: By default the bodies of untyped functions are not checked, consider using --check-untyped-defs  [annotation-unchecked]
src\menipy\gui\views\image_view.py:107: error: "type[QGraphicsView]" has no attribute "NoDrag"  [attr-defined]
src\menipy\gui\views\image_view.py:107: error: "type[QGraphicsView]" has no attribute "ScrollHandDrag"  [attr-defined]
src\menipy\gui\views\image_view.py:185: error: Incompatible types in assignment (expression has type "QGraphicsEllipseItem", variable has type "QGraphicsRectItem")  [assignment]
src\menipy\gui\views\image_view.py:266: error: Name "QGraphicsPathItem" is not defined  [name-defined]
src\menipy\pipelines\sessile\metrics.py:42: error: Incompatible types in assignment (expression has type "tuple[float, float]", variable has type "tuple[int, int] | None")  [assignment]
src\menipy\pipelines\sessile\metrics.py:60: error: Incompatible types in assignment (expression has type "floating[Any]", variable has type "float")  [assignment]
src\menipy\pipelines\pendant\stages.py:211: error: Unsupported operand types for * ("float" and "generic[Any]")  [operator]
src\menipy\pipelines\pendant\stages.py:211: error: Unsupported operand types for * ("float" and "ndarray[tuple[int, ...], dtype[generic[Any]]]")  [operator]
src\menipy\pipelines\pendant\stages.py:211: note: Right operand is of type "generic[Any] | ndarray[tuple[int, ...], dtype[generic[Any]]]"
src\menipy\models\surface_tension.py:46: error: Bad number of arguments for type alias, expected 1, given 2  [type-arg]
src\menipy\models\surface_tension.py:46: error: Name "np.float_" is not defined  [name-defined]
src\menipy\models\surface_tension.py:61: error: Unsupported operand types for * ("float" and "generic[Any]")  [operator]
src\menipy\models\surface_tension.py:61: error: Unsupported operand types for * ("float" and "ndarray[tuple[int, ...], dtype[generic[Any]]]")  [operator]
src\menipy\models\surface_tension.py:61: note: Right operand is of type "generic[Any] | ndarray[tuple[int, ...], dtype[generic[Any]]]"
src\menipy\models\frame.py:16: error: Variable "src.menipy.models.frame.ImageGray" is not valid as a type  [valid-type]
src\menipy\models\frame.py:16: note: See https://mypy.readthedocs.io/en/stable/common_issues.html#variables-vs-type-aliases
src\menipy\models\frame.py:16: error: Variable "src.menipy.models.frame.ImageBGR" is not valid as a type  [valid-type]
src\menipy\models\drop_extras.py:48: error: Unsupported operand types for * ("float" and "generic[Any]")  [operator]
src\menipy\models\drop_extras.py:48: error: Unsupported operand types for * ("float" and "ndarray[tuple[int, ...], dtype[generic[Any]]]")  [operator]
src\menipy\models\drop_extras.py:48: note: Right operand is of type "generic[Any] | ndarray[tuple[int, ...], dtype[generic[Any]]]"
src\menipy\common\solver.py:120: error: Argument 1 to "float" has incompatible type "generic[Any] | bool | int | float | complex | str | bytes | memoryview[int]"; expected "str | Buffer | SupportsFloat | SupportsIndex"  [arg-type]
src\menipy\common\geometry.py:9: error: Name "Tuple" is not defined  [name-defined]
src\menipy\common\geometry.py:9: note: Did you forget to import it from "typing"? (Suggestion: "from typing import Tuple")
src\menipy\common\geometry.py:216: error: Need type annotation for "best_inliers" (hint: "best_inliers: list[<type>] = ...")  [var-annotated]
src\menipy\common\geometry.py:314: error: Slice index must be an integer, SupportsIndex or None  [misc]
src\menipy\common\geometry.py:315: error: Slice index must be an integer, SupportsIndex or None  [misc]
src\menipy\gui\mainwindow.py:120: error: "type[QFile]" has no attribute "ReadOnly"  [attr-defined]
src\menipy\gui\mainwindow.py:126: note: By default the bodies of untyped functions are not checked, consider using --check-untyped-defs  [annotation-unchecked]
src\menipy\gui\mainwindow.py:127: note: By default the bodies of untyped functions are not checked, consider using --check-untyped-defs  [annotation-unchecked]
src\menipy\gui\mainwindow.py:130: note: By default the bodies of untyped functions are not checked, consider using --check-untyped-defs  [annotation-unchecked]
src\menipy\common\overlay.py:120: error: Incompatible types in assignment (expression has type "ndarray[tuple[int, int], dtype[Any]]", variable has type "ndarray[tuple[int, int, int], dtype[signedinteger[_32Bit]]]")  [assignment]
src\menipy\pipelines\sessile\stages.py:110: error: Argument "apex" to "compute_sessile_metrics" has incompatible type "tuple[float, float]"; expected "tuple[int, int] | None"  [arg-type]
src\menipy\gui\app.py:106: error: "type[Qt]" has no attribute "AA_EnableHighDpiScaling"  [attr-defined]
src\menipy\gui\app.py:107: error: "type[Qt]" has no attribute "AA_UseHighDpiPixmaps"  [attr-defined]
src\menipy\cli\__init__.py:83: error: Name "do_acq" already defined on line 74  [no-redef]
src\menipy\common\edge_detection.py:93: error: Incompatible types in assignment (expression has type "ndarray[Any, dtype[integer[Any] | floating[Any]]]", variable has type "ndarray[tuple[int, ...], dtype[unsignedinteger[_8Bit]]]")  [assignment]
src\menipy\common\edge_detection.py:276: error: Name "logger" is used before definition  [used-before-def]
src\menipy\common\units.py:8: error: Need type annotation for "ureg"  [var-annotated]
src\menipy\models\datatypes.py:71: error: Name "Frame" is not defined  [name-defined]
src\menipy\models\datatypes.py:72: error: Name "Contour" is not defined  [name-defined]
src\menipy\models\datatypes.py:73: error: Name "Geometry" is not defined  [name-defined]
src\menipy\models\datatypes.py:74: error: Name "Calibration" is not defined  [name-defined]
src\menipy\models\datatypes.py:75: error: Name "PhysicsParams" is not defined  [name-defined]
src\menipy\models\datatypes.py:97: error: Name "CameraMeta" is not defined  [name-defined]
src\menipy\models\datatypes.py:98: error: Name "Calibration" is not defined  [name-defined]
src\menipy\models\datatypes.py:99: error: Name "Frame" is not defined  [name-defined]
src\menipy\models\datatypes.py:101: error: Name "Frame" is not defined  [name-defined]
src\menipy\models\datatypes.py:116: error: Name "Contour" is not defined  [name-defined]
src\menipy\models\datatypes.py:118: error: Name "Contour" is not defined  [name-defined]
Found 45 errors in 18 files (checked 119 source files)
